<?xml version="1.0" encoding="UTF-8"?>
<!-- Generated by org.testng.reporters.JUnitReportReporter -->
<testsuite hostname="LAPTOP-U0FOLRIJ" failures="0" tests="1" name="test.com.StudentTest" time="0.003" errors="0" timestamp="17 Jan 2024 10:54:22 GMT">
  <testcase classname="test.com.StudentTest" name="testName" time="0.003"/>
</testsuite> <!-- test.com.StudentTest -->
